빌드 시작: 2015-02-12 오후 7:21:07
     1>2 노드의 "C:\Users\sangmuk\Documents\Visual Studio 2010\Projects\GoogleSTT_API\GoogleSTT_API\GoogleSTT_API.vcxproj" 프로젝트(rebuild 대상)입니다.
     1>_PrepareForClean:
         "Debug\GoogleSTT_API.lastbuildstate" 파일을 삭제하고 있습니다.
       InitializeBuildStatus:
         "Debug\GoogleSTT_API.unsuccessfulbuild"에 연결(touching)하고 있습니다.
       ClCompile:
         C:\Program Files (x86)\Microsoft Visual Studio 10.0\VC\bin\CL.exe /c /I"C:\Users\sangmuk\Documents\Visual Studio 2010\Projects\GoogleSTT_API\GoogleSTT_API\Dependencies" /ZI /nologo /W3 /WX- /Od /Oy- /D WIN32 /D _DEBUG /D _CONSOLE /D _UNICODE /D UNICODE /Gm /EHsc /RTC1 /MDd /GS /fp:precise /Zc:wchar_t /Zc:forScope /Fo"Debug\\" /Fd"Debug\vc100.pdb" /Gd /TP /analyze- /errorReport:prompt main.cpp
         main.cpp
       ManifestResourceCompile:
         c:\Program Files (x86)\Microsoft SDKs\Windows\v7.0A\bin\rc.exe /nologo /fo"Debug\GoogleSTT_API.exe.embed.manifest.res" Debug\GoogleSTT_API_manifest.rc 
       Link:
         C:\Program Files (x86)\Microsoft Visual Studio 10.0\VC\bin\link.exe /ERRORREPORT:PROMPT /OUT:"C:\Users\sangmuk\Documents\Visual Studio 2010\Projects\GoogleSTT_API\Debug\GoogleSTT_API.exe" /INCREMENTAL /NOLOGO /LIBPATH:"C:\Users\sangmuk\Documents\Visual Studio 2010\Projects\GoogleSTT_API\GoogleSTT_API\Dependencies" curllib.lib kernel32.lib user32.lib gdi32.lib winspool.lib comdlg32.lib advapi32.lib shell32.lib ole32.lib oleaut32.lib uuid.lib odbc32.lib odbccp32.lib kernel32.lib user32.lib gdi32.lib winspool.lib comdlg32.lib advapi32.lib shell32.lib ole32.lib oleaut32.lib uuid.lib odbc32.lib odbccp32.lib /MANIFEST /ManifestFile:"Debug\GoogleSTT_API.exe.intermediate.manifest" /MANIFESTUAC:"level='asInvoker' uiAccess='false'" /DEBUG /PDB:"C:\Users\sangmuk\Documents\Visual Studio 2010\Projects\GoogleSTT_API\Debug\GoogleSTT_API.pdb" /SUBSYSTEM:CONSOLE /TLBID:1 /DYNAMICBASE /NXCOMPAT /IMPLIB:"C:\Users\sangmuk\Documents\Visual Studio 2010\Projects\GoogleSTT_API\Debug\GoogleSTT_API.lib" /MACHINE:X86 Debug\GoogleSTT_API.exe.embed.manifest.res
         Debug\main.obj
       Manifest:
         "Debug\GoogleSTT_API.exe.embed.manifest" 파일을 삭제하고 있습니다.
         c:\Program Files (x86)\Microsoft SDKs\Windows\v7.0A\bin\mt.exe /nologo /verbose /out:"Debug\GoogleSTT_API.exe.embed.manifest" /manifest Debug\GoogleSTT_API.exe.intermediate.manifest
         c:\Program Files (x86)\Microsoft SDKs\Windows\v7.0A\bin\rc.exe /nologo /fo"Debug\GoogleSTT_API.exe.embed.manifest.res" Debug\GoogleSTT_API_manifest.rc 
       LinkEmbedManifest:
         C:\Program Files (x86)\Microsoft Visual Studio 10.0\VC\bin\link.exe /ERRORREPORT:PROMPT /OUT:"C:\Users\sangmuk\Documents\Visual Studio 2010\Projects\GoogleSTT_API\Debug\GoogleSTT_API.exe" /INCREMENTAL /NOLOGO /LIBPATH:"C:\Users\sangmuk\Documents\Visual Studio 2010\Projects\GoogleSTT_API\GoogleSTT_API\Dependencies" curllib.lib kernel32.lib user32.lib gdi32.lib winspool.lib comdlg32.lib advapi32.lib shell32.lib ole32.lib oleaut32.lib uuid.lib odbc32.lib odbccp32.lib kernel32.lib user32.lib gdi32.lib winspool.lib comdlg32.lib advapi32.lib shell32.lib ole32.lib oleaut32.lib uuid.lib odbc32.lib odbccp32.lib /MANIFEST /ManifestFile:"Debug\GoogleSTT_API.exe.intermediate.manifest" /MANIFESTUAC:"level='asInvoker' uiAccess='false'" /DEBUG /PDB:"C:\Users\sangmuk\Documents\Visual Studio 2010\Projects\GoogleSTT_API\Debug\GoogleSTT_API.pdb" /SUBSYSTEM:CONSOLE /TLBID:1 /DYNAMICBASE /NXCOMPAT /IMPLIB:"C:\Users\sangmuk\Documents\Visual Studio 2010\Projects\GoogleSTT_API\Debug\GoogleSTT_API.lib" /MACHINE:X86 Debug\GoogleSTT_API.exe.embed.manifest.res
         Debug\main.obj
         GoogleSTT_API.vcxproj -> C:\Users\sangmuk\Documents\Visual Studio 2010\Projects\GoogleSTT_API\Debug\GoogleSTT_API.exe
       FinalizeBuildStatus:
         "Debug\GoogleSTT_API.unsuccessfulbuild" 파일을 삭제하고 있습니다.
         "Debug\GoogleSTT_API.lastbuildstate"에 연결(touching)하고 있습니다.
     1>"C:\Users\sangmuk\Documents\Visual Studio 2010\Projects\GoogleSTT_API\GoogleSTT_API\GoogleSTT_API.vcxproj" 프로젝트를 빌드했습니다(rebuild 대상).

빌드했습니다.

경과 시간: 00:00:04.15
